


ARM Macro Assembler    Page 1 


    1 00000000         *       To               find the factorial of a given n
umber(N)
    2 00000000                 TTL              FactorialofN
    3 00000000                 AREA             Factorial, CODE, READONLY
    4 00000000                 ENTRY
    5 00000000         NUM
    6 00000000 E3A00005        MOV              R0, #5
    7 00000004 E1A01000        MOV              R1, R0
    8 00000008         LOGIC
    9 00000008 E2511001        SUBS             R1, R1, #1  ; Decrement R1 by o
                                                            ne -> R1 = R1 - 1
   10 0000000C 0A000002        BEQ              FINISH      ; Branch(jump) to F
                                                            INISH if ZERO flag 
                                                            is set (i.e., when 
                                                            R1 becomes 0) 
   11 00000010 E0020091        MUL              R2, R1, R0  ; R2 = R1*R0
   12 00000014 E1A00002        MOV              R0, R2      ; R0 = R2     
   13 00000018 1AFFFFFA        BNE              LOGIC       ; Branch(jump) to L
                                                            OGIC if ZERO flag i
                                                            s not set 
   14 0000001C         FINISH
   15 0000001C                 END
Command Line: --debug --xref --diag_suppress=9931 --apcs=interwork --depend=.\o
bjects\factofnumasm.d -o.\objects\factofnumasm.o -IC:\Keil_v5\ARM\RV31\INC -IC:
\Keil_v5\ARM\CMSIS\Include -IC:\Keil_v5\ARM\INC\Philips --predefine="__EVAL SET
A 1" --predefine="__UVISION_VERSION SETA 524" --list=.\listings\factofnumasm.ls
t factofnumasm.s



ARM Macro Assembler    Page 1 Alphabetic symbol ordering
Relocatable symbols

FINISH 0000001C

Symbol: FINISH
   Definitions
      At line 14 in file factofnumasm.s
   Uses
      At line 10 in file factofnumasm.s
Comment: FINISH used once
Factorial 00000000

Symbol: Factorial
   Definitions
      At line 3 in file factofnumasm.s
   Uses
      None
Comment: Factorial unused
LOGIC 00000008

Symbol: LOGIC
   Definitions
      At line 8 in file factofnumasm.s
   Uses
      At line 13 in file factofnumasm.s
Comment: LOGIC used once
NUM 00000000

Symbol: NUM
   Definitions
      At line 5 in file factofnumasm.s
   Uses
      None
Comment: NUM unused
4 symbols
336 symbols in table
